<?xml version="1.0" encoding="UTF-8"?>
<testsuite xmlns:xsi="http://www.w3.org/2001/XMLSchema-instance" xsi:noNamespaceSchemaLocation="https://maven.apache.org/surefire/maven-surefire-plugin/xsd/surefire-test-report.xsd" version="3.0.2" name="br.com.fiap.cp5_socket.Cp5SocketApplicationTests" time="4.464" tests="1" errors="0" skipped="0" failures="0">
  <properties>
[...]
</properties>
  <testcase name="contextLoads" classname="br.com.fiap.cp5_socket.Cp5SocketApplicationTests" time="0.881">
    <system-out><![CDATA[21:36:49.931 [main] INFO org.springframework.test.context.support.AnnotationConfigContextLoaderUtils -- Could not detect default configuration classes for test class [br.com.fiap.cp5_socket.Cp5SocketApplicationTests]: Cp5SocketApplicationTests does not declare any static, non-private, non-final, nested classes annotated with @Configuration.
21:36:50.134 [main] INFO org.springframework.boot.test.context.SpringBootTestContextBootstrapper -- Found @SpringBootConfiguration br.com.fiap.cp5_socket.Cp5SocketApplication for test class br.com.fiap.cp5_socket.Cp5SocketApplicationTests
21:36:50.566 [main] INFO org.springframework.boot.devtools.restart.RestartApplicationListener -- Restart disabled due to context in which it is running

  .   ____          _            __ _ _
 /\\ / ___'_ __ _ _(_)_ __  __ _ \ \ \ \
( ( )\___ | '_ | '_| | '_ \/ _` | \ \ \ \
 \\/  ___)| |_)| | | | | || (_| |  ) ) ) )
  '  |____| .__|_| |_|_| |_\__, | / / / /
 =========|_|==============|___/=/_/_/_/

 :: Spring Boot ::                (v3.5.6)

2025-10-16T21:36:51.485-03:00  INFO 20552 --- [cp5-socket] [           main] b.c.f.c.Cp5SocketApplicationTests        : Starting Cp5SocketApplicationTests using Java 21.0.6 with PID 20552 (started by alexs in C:\Users\alexs\Downloads\cp5-socket\cp5-socket\cp5-socket)
2025-10-16T21:36:51.486-03:00  INFO 20552 --- [cp5-socket] [           main] b.c.f.c.Cp5SocketApplicationTests        : No active profile set, falling back to 1 default profile: "default"
2025-10-16T21:36:52.764-03:00  INFO 20552 --- [cp5-socket] [           main] b.c.f.c.Cp5SocketApplicationTests        : Started Cp5SocketApplicationTests in 2.219 seconds (process running for 10.9)
]]></system-out>
    <system-err><![CDATA[Mockito is currently self-attaching to enable the inline-mock-maker. This will no longer work in future releases of the JDK. Please add Mockito as an agent to your build as described in Mockito's documentation: https://javadoc.io/doc/org.mockito/mockito-core/latest/org.mockito/org/mockito/Mockito.html#0.3
WARNING: A Java agent has been loaded dynamically (C:\Users\alexs\.m2\repository\net\bytebuddy\byte-buddy-agent\1.17.7\byte-buddy-agent-1.17.7.jar)
WARNING: If a serviceability tool is in use, please run with -XX:+EnableDynamicAgentLoading to hide this warning
WARNING: If a serviceability tool is not in use, please run with -Djdk.instrument.traceUsage for more information
WARNING: Dynamic loading of agents will be disallowed by default in a future release
]]></system-err>
  </testcase>
</testsuite>